<?xml version="1.0" encoding="UTF-8"?>
<testsuite name="com.mz.jwt.JwtTokenDecoderTest" tests="2" skipped="0" failures="0" errors="0" timestamp="2019-08-01T01:51:30" hostname="DESKTOP-BR6HI50" time="0.024">
  <properties/>
  <testcase name="getSubject" classname="com.mz.jwt.JwtTokenDecoderTest" time="0.022"/>
  <testcase name="failToGetSubjectOnInvalidToken" classname="com.mz.jwt.JwtTokenDecoderTest" time="0.002"/>
  <system-out><![CDATA[]]></system-out>
  <system-err><![CDATA[]]></system-err>
</testsuite>
