<?xml version="1.0" encoding="UTF-8"?>
<testsuite name="com.mz.jwt.JwtTokenFactoryTest" tests="1" skipped="0" failures="0" errors="0" timestamp="2019-08-01T01:51:30" hostname="DESKTOP-BR6HI50" time="0.002">
  <properties/>
  <testcase name="generateToken" classname="com.mz.jwt.JwtTokenFactoryTest" time="0.002"/>
  <system-out><![CDATA[eyJ0eXAiOiJKV1QiLCJhbGciOiJIUzI1NiJ9.eyJzdWIiOiJUT0NPIiwiaXNzIjoib24tam9icyIsImV4cCI6MTU2NDYyNDM1MCwiaWF0IjoxNTY0NjI0MjkwfQ.ntGnncaiF8Gf9fXugzLsa5QJCw4uwnWGR8Qw7JAveSo
]]></system-out>
  <system-err><![CDATA[]]></system-err>
</testsuite>
